Using pre-set license
Built from '2020.3/staging' branch; Version is '2020.3.11f1 (99c7afb366b3) revision 10078127'; Using compiler version '192528614'; Build Type 'Release'
OS: 'Windows 10 Pro; OS build 19042.985; Version 2009; 64bit' Language: 'en' Physical Memory: 32705 MB
BatchMode: 1, IsHumanControllingUs: 0, StartBugReporterOnCrash: 0, Is64bit: 1, IsPro: 0

 COMMAND LINE ARGUMENTS:
C:\Program Files\Unity\Hub\Editor\2020.3.11f1\Editor\Unity.exe
-adb2
-batchMode
-noUpm
-name
AssetImportWorker0
-projectPath
G:/gamesMade/PirateGame
-logFile
Logs/AssetImportWorker0.log
-srvPort
63522
Successfully changed project path to: G:/gamesMade/PirateGame
G:/gamesMade/PirateGame
Using Asset Import Pipeline V2.
Refreshing native plugins compatible for Editor in 37.79 ms, found 2 plugins.
Preloading 0 native plugins for Editor in 0.00 ms.
Initialize engine version: 2020.3.11f1 (99c7afb366b3)
[Subsystems] Discovering subsystems at path C:/Program Files/Unity/Hub/Editor/2020.3.11f1/Editor/Data/Resources/UnitySubsystems
[Subsystems] Discovering subsystems at path G:/gamesMade/PirateGame/Assets
GfxDevice: creating device client; threaded=0
Direct3D:
    Version:  Direct3D 11.0 [level 11.1]
    Renderer: NVIDIA GeForce GTX 1070 (ID=0x1b81)
    Vendor:   
    VRAM:     8088 MB
    Driver:   27.21.14.5671
Shader 'Universal Render Pipeline/Particles/Lit': fallback shader 'Universal Render Pipeline/Particles/SimpleLit' not found
Initialize mono
Mono path[0] = 'C:/Program Files/Unity/Hub/Editor/2020.3.11f1/Editor/Data/Managed'
Mono path[1] = 'C:/Program Files/Unity/Hub/Editor/2020.3.11f1/Editor/Data/MonoBleedingEdge/lib/mono/unityjit'
Mono config path = 'C:/Program Files/Unity/Hub/Editor/2020.3.11f1/Editor/Data/MonoBleedingEdge/etc'
Using monoOptions --debugger-agent=transport=dt_socket,embedding=1,server=y,suspend=n,address=127.0.0.1:56264
Begin MonoManager ReloadAssembly
Registering precompiled unity dll's ...
Register platform support module: C:/Program Files/Unity/Hub/Editor/2020.3.11f1/Editor/Data/PlaybackEngines/WindowsStandaloneSupport/UnityEditor.WindowsStandalone.Extensions.dll
Registered in 0.001656 seconds.
Native extension for WindowsStandalone target not found
Refreshing native plugins compatible for Editor in 37.71 ms, found 2 plugins.
Preloading 0 native plugins for Editor in 0.00 ms.
Mono: successfully reloaded assembly
- Completed reload, in  0.877 seconds
Platform modules already initialized, skipping
Registering precompiled user dll's ...
Registered in 0.002603 seconds.
Begin MonoManager ReloadAssembly
Native extension for WindowsStandalone target not found
Refreshing native plugins compatible for Editor in 38.78 ms, found 2 plugins.
Preloading 0 native plugins for Editor in 0.00 ms.
Mono: successfully reloaded assembly
- Completed reload, in  0.943 seconds
Platform modules already initialized, skipping
========================================================================
Worker process is ready to serve import requests
Shader 'Universal Render Pipeline/Particles/Lit': fallback shader 'Universal Render Pipeline/Particles/SimpleLit' not found
Launched and connected shader compiler UnityShaderCompiler.exe after 0.04 seconds
Refreshing native plugins compatible for Editor in 0.48 ms, found 2 plugins.
Preloading 0 native plugins for Editor in 0.00 ms.
Unloading 2697 Unused Serialized files (Serialized files now loaded: 0)
System memory in use before: 124.1 MB.
System memory in use after: 123.9 MB.

Unloading 28 unused Assets to reduce memory usage. Loaded Objects now: 3124.
Total: 2.539600 ms (FindLiveObjects: 0.277000 ms CreateObjectMapping: 0.144000 ms MarkObjects: 1.918100 ms  DeleteObjects: 0.199200 ms)

========================================================================
Received Import Request.
  path: Assets/FBXs/Ships/Ship.fbx
  artifactKey: Guid(e6f513a1253e1344fa01d88714c0514e) Importer(815301076,1909f56bfc062723c751e8b465ee728b)
Start importing Assets/FBXs/Ships/Ship.fbx using Guid(e6f513a1253e1344fa01d88714c0514e) Importer(815301076,1909f56bfc062723c751e8b465ee728b)  -> (artifact id: 'd8355090c80bcfd5ef418d491daac578') in 0.261553 seconds
  Import took 0.265675 seconds .

========================================================================
Received Import Request.
  Time since last request: 34.832945 seconds.
  path: Assets/Materials/Sail.mat
  artifactKey: Guid(61ae69efc51f7dd4f83ec66946213b9f) Importer(815301076,1909f56bfc062723c751e8b465ee728b)
Start importing Assets/Materials/Sail.mat using Guid(61ae69efc51f7dd4f83ec66946213b9f) Importer(815301076,1909f56bfc062723c751e8b465ee728b)  -> (artifact id: '0f8fe4eb09af764f9907585278b30015') in 0.009702 seconds
  Import took 0.013894 seconds .

========================================================================
Received Import Request.
  Time since last request: 517.122780 seconds.
  path: Assets/Materials/Sail.mat
  artifactKey: Guid(61ae69efc51f7dd4f83ec66946213b9f) Importer(815301076,1909f56bfc062723c751e8b465ee728b)
Start importing Assets/Materials/Sail.mat using Guid(61ae69efc51f7dd4f83ec66946213b9f) Importer(815301076,1909f56bfc062723c751e8b465ee728b)  -> (artifact id: '141a437eff697cc0dfdfc68155158721') in 0.006742 seconds
  Import took 0.011597 seconds .

========================================================================
Received Prepare
Registering precompiled user dll's ...
Registered in 0.002558 seconds.
Begin MonoManager ReloadAssembly
Native extension for WindowsStandalone target not found
Refreshing native plugins compatible for Editor in 0.57 ms, found 2 plugins.
Preloading 0 native plugins for Editor in 0.00 ms.
Mono: successfully reloaded assembly
- Completed reload, in  0.915 seconds
Platform modules already initialized, skipping
Shader 'Universal Render Pipeline/Particles/Lit': fallback shader 'Universal Render Pipeline/Particles/SimpleLit' not found
Refreshing native plugins compatible for Editor in 0.44 ms, found 2 plugins.
Preloading 0 native plugins for Editor in 0.00 ms.
Unloading 2595 Unused Serialized files (Serialized files now loaded: 0)
System memory in use before: 123.4 MB.
System memory in use after: 123.3 MB.

Unloading 23 unused Assets to reduce memory usage. Loaded Objects now: 3208.
Total: 2.978900 ms (FindLiveObjects: 0.272700 ms CreateObjectMapping: 0.144300 ms MarkObjects: 2.350700 ms  DeleteObjects: 0.210100 ms)

========================================================================
Received Prepare
Registering precompiled user dll's ...
Registered in 0.002533 seconds.
Begin MonoManager ReloadAssembly
Native extension for WindowsStandalone target not found
Refreshing native plugins compatible for Editor in 0.48 ms, found 2 plugins.
Preloading 0 native plugins for Editor in 0.00 ms.
Mono: successfully reloaded assembly
- Completed reload, in  0.824 seconds
Platform modules already initialized, skipping
Shader 'Universal Render Pipeline/Particles/Lit': fallback shader 'Universal Render Pipeline/Particles/SimpleLit' not found
Refreshing native plugins compatible for Editor in 0.45 ms, found 2 plugins.
Preloading 0 native plugins for Editor in 0.00 ms.
Unloading 2595 Unused Serialized files (Serialized files now loaded: 0)
System memory in use before: 123.5 MB.
System memory in use after: 123.3 MB.

Unloading 23 unused Assets to reduce memory usage. Loaded Objects now: 3211.
Total: 2.423500 ms (FindLiveObjects: 0.263700 ms CreateObjectMapping: 0.130100 ms MarkObjects: 1.831000 ms  DeleteObjects: 0.197300 ms)

========================================================================
Received Prepare
Registering precompiled user dll's ...
Registered in 0.002536 seconds.
Begin MonoManager ReloadAssembly
Native extension for WindowsStandalone target not found
Refreshing native plugins compatible for Editor in 0.43 ms, found 2 plugins.
Preloading 0 native plugins for Editor in 0.00 ms.
Mono: successfully reloaded assembly
- Completed reload, in  0.836 seconds
Platform modules already initialized, skipping
Shader 'Universal Render Pipeline/Particles/Lit': fallback shader 'Universal Render Pipeline/Particles/SimpleLit' not found
Refreshing native plugins compatible for Editor in 0.44 ms, found 2 plugins.
Preloading 0 native plugins for Editor in 0.00 ms.
Unloading 2595 Unused Serialized files (Serialized files now loaded: 0)
System memory in use before: 123.6 MB.
System memory in use after: 123.4 MB.

Unloading 23 unused Assets to reduce memory usage. Loaded Objects now: 3214.
Total: 2.153300 ms (FindLiveObjects: 0.266800 ms CreateObjectMapping: 0.105100 ms MarkObjects: 1.625700 ms  DeleteObjects: 0.154700 ms)

========================================================================
Received Prepare
Registering precompiled user dll's ...
Registered in 0.002890 seconds.
Begin MonoManager ReloadAssembly
Native extension for WindowsStandalone target not found
Refreshing native plugins compatible for Editor in 0.49 ms, found 2 plugins.
Preloading 0 native plugins for Editor in 0.00 ms.
Mono: successfully reloaded assembly
- Completed reload, in  0.961 seconds
Platform modules already initialized, skipping
Shader 'Universal Render Pipeline/Particles/Lit': fallback shader 'Universal Render Pipeline/Particles/SimpleLit' not found
Refreshing native plugins compatible for Editor in 0.57 ms, found 2 plugins.
Preloading 0 native plugins for Editor in 0.00 ms.
Unloading 2595 Unused Serialized files (Serialized files now loaded: 0)
System memory in use before: 123.6 MB.
System memory in use after: 123.5 MB.

Unloading 23 unused Assets to reduce memory usage. Loaded Objects now: 3217.
Total: 2.963100 ms (FindLiveObjects: 0.278400 ms CreateObjectMapping: 0.118000 ms MarkObjects: 2.340900 ms  DeleteObjects: 0.224300 ms)

========================================================================
Received Prepare
Registering precompiled user dll's ...
Registered in 0.003245 seconds.
Begin MonoManager ReloadAssembly
Native extension for WindowsStandalone target not found
Refreshing native plugins compatible for Editor in 0.50 ms, found 2 plugins.
Preloading 0 native plugins for Editor in 0.00 ms.
Mono: successfully reloaded assembly
- Completed reload, in  1.088 seconds
Platform modules already initialized, skipping
Shader 'Universal Render Pipeline/Particles/Lit': fallback shader 'Universal Render Pipeline/Particles/SimpleLit' not found
Refreshing native plugins compatible for Editor in 0.59 ms, found 2 plugins.
Preloading 0 native plugins for Editor in 0.00 ms.
Unloading 2595 Unused Serialized files (Serialized files now loaded: 0)
System memory in use before: 123.6 MB.
System memory in use after: 123.5 MB.

Unloading 23 unused Assets to reduce memory usage. Loaded Objects now: 3220.
Total: 3.534700 ms (FindLiveObjects: 0.468900 ms CreateObjectMapping: 0.374600 ms MarkObjects: 2.458600 ms  DeleteObjects: 0.231300 ms)

========================================================================
Received Prepare
Registering precompiled user dll's ...
Registered in 0.002838 seconds.
Begin MonoManager ReloadAssembly
Native extension for WindowsStandalone target not found
Refreshing native plugins compatible for Editor in 0.88 ms, found 2 plugins.
Preloading 0 native plugins for Editor in 0.00 ms.
Mono: successfully reloaded assembly
- Completed reload, in  0.973 seconds
Platform modules already initialized, skipping
Shader 'Universal Render Pipeline/Particles/Lit': fallback shader 'Universal Render Pipeline/Particles/SimpleLit' not found
Refreshing native plugins compatible for Editor in 0.56 ms, found 2 plugins.
Preloading 0 native plugins for Editor in 0.00 ms.
Unloading 2596 Unused Serialized files (Serialized files now loaded: 0)
System memory in use before: 123.6 MB.
System memory in use after: 123.5 MB.

Unloading 23 unused Assets to reduce memory usage. Loaded Objects now: 3224.
Total: 2.478600 ms (FindLiveObjects: 0.295000 ms CreateObjectMapping: 0.118600 ms MarkObjects: 1.897600 ms  DeleteObjects: 0.166600 ms)

========================================================================
Received Prepare
Registering precompiled user dll's ...
Registered in 0.002693 seconds.
Begin MonoManager ReloadAssembly
Native extension for WindowsStandalone target not found
Refreshing native plugins compatible for Editor in 1.11 ms, found 2 plugins.
Preloading 0 native plugins for Editor in 0.00 ms.
Mono: successfully reloaded assembly
- Completed reload, in  1.164 seconds
Platform modules already initialized, skipping
Shader 'Universal Render Pipeline/Particles/Lit': fallback shader 'Universal Render Pipeline/Particles/SimpleLit' not found
Refreshing native plugins compatible for Editor in 1.49 ms, found 2 plugins.
Preloading 0 native plugins for Editor in 0.00 ms.
Unloading 2596 Unused Serialized files (Serialized files now loaded: 0)
System memory in use before: 123.7 MB.
System memory in use after: 123.5 MB.

Unloading 24 unused Assets to reduce memory usage. Loaded Objects now: 3227.
Total: 3.398200 ms (FindLiveObjects: 0.784100 ms CreateObjectMapping: 0.282100 ms MarkObjects: 2.150300 ms  DeleteObjects: 0.180400 ms)

========================================================================
Received Prepare
Registering precompiled user dll's ...
Registered in 0.002675 seconds.
Begin MonoManager ReloadAssembly
Native extension for WindowsStandalone target not found
Refreshing native plugins compatible for Editor in 0.44 ms, found 2 plugins.
Preloading 0 native plugins for Editor in 0.00 ms.
Mono: successfully reloaded assembly
- Completed reload, in  0.976 seconds
Platform modules already initialized, skipping
Shader 'Universal Render Pipeline/Particles/Lit': fallback shader 'Universal Render Pipeline/Particles/SimpleLit' not found
Refreshing native plugins compatible for Editor in 0.48 ms, found 2 plugins.
Preloading 0 native plugins for Editor in 0.00 ms.
Unloading 2596 Unused Serialized files (Serialized files now loaded: 0)
System memory in use before: 123.7 MB.
System memory in use after: 123.5 MB.

Unloading 23 unused Assets to reduce memory usage. Loaded Objects now: 3230.
Total: 2.527500 ms (FindLiveObjects: 0.272900 ms CreateObjectMapping: 0.127100 ms MarkObjects: 1.952500 ms  DeleteObjects: 0.174000 ms)

========================================================================
Received Prepare
Registering precompiled user dll's ...
Registered in 0.002776 seconds.
Begin MonoManager ReloadAssembly
Native extension for WindowsStandalone target not found
Refreshing native plugins compatible for Editor in 0.45 ms, found 2 plugins.
Preloading 0 native plugins for Editor in 0.00 ms.
Mono: successfully reloaded assembly
- Completed reload, in  0.926 seconds
Platform modules already initialized, skipping
Shader 'Universal Render Pipeline/Particles/Lit': fallback shader 'Universal Render Pipeline/Particles/SimpleLit' not found
Refreshing native plugins compatible for Editor in 0.54 ms, found 2 plugins.
Preloading 0 native plugins for Editor in 0.00 ms.
Unloading 2596 Unused Serialized files (Serialized files now loaded: 0)
System memory in use before: 123.7 MB.
System memory in use after: 123.5 MB.

Unloading 23 unused Assets to reduce memory usage. Loaded Objects now: 3233.
Total: 2.831400 ms (FindLiveObjects: 0.315300 ms CreateObjectMapping: 0.217300 ms MarkObjects: 2.011600 ms  DeleteObjects: 0.285500 ms)

========================================================================
Received Prepare
Registering precompiled user dll's ...
Registered in 0.002600 seconds.
Begin MonoManager ReloadAssembly
Native extension for WindowsStandalone target not found
Refreshing native plugins compatible for Editor in 0.43 ms, found 2 plugins.
Preloading 0 native plugins for Editor in 0.00 ms.
Mono: successfully reloaded assembly
- Completed reload, in  0.892 seconds
Platform modules already initialized, skipping
Shader 'Universal Render Pipeline/Particles/Lit': fallback shader 'Universal Render Pipeline/Particles/SimpleLit' not found
Refreshing native plugins compatible for Editor in 0.51 ms, found 2 plugins.
Preloading 0 native plugins for Editor in 0.00 ms.
Unloading 2596 Unused Serialized files (Serialized files now loaded: 0)
System memory in use before: 123.7 MB.
System memory in use after: 123.5 MB.

Unloading 23 unused Assets to reduce memory usage. Loaded Objects now: 3236.
Total: 2.405100 ms (FindLiveObjects: 0.312100 ms CreateObjectMapping: 0.154500 ms MarkObjects: 1.779400 ms  DeleteObjects: 0.158100 ms)

========================================================================
Received Prepare
Registering precompiled user dll's ...
Registered in 0.002616 seconds.
Begin MonoManager ReloadAssembly
Native extension for WindowsStandalone target not found
Refreshing native plugins compatible for Editor in 0.84 ms, found 2 plugins.
Preloading 0 native plugins for Editor in 0.00 ms.
Mono: successfully reloaded assembly
- Completed reload, in  1.028 seconds
Platform modules already initialized, skipping
Shader 'Universal Render Pipeline/Particles/Lit': fallback shader 'Universal Render Pipeline/Particles/SimpleLit' not found
Refreshing native plugins compatible for Editor in 0.72 ms, found 2 plugins.
Preloading 0 native plugins for Editor in 0.00 ms.
Unloading 2596 Unused Serialized files (Serialized files now loaded: 0)
System memory in use before: 123.7 MB.
System memory in use after: 123.6 MB.

Unloading 23 unused Assets to reduce memory usage. Loaded Objects now: 3239.
Total: 2.315300 ms (FindLiveObjects: 0.272300 ms CreateObjectMapping: 0.116900 ms MarkObjects: 1.764500 ms  DeleteObjects: 0.160600 ms)

========================================================================
Received Prepare
Registering precompiled user dll's ...
Registered in 0.002558 seconds.
Begin MonoManager ReloadAssembly
Native extension for WindowsStandalone target not found
Refreshing native plugins compatible for Editor in 0.48 ms, found 2 plugins.
Preloading 0 native plugins for Editor in 0.00 ms.
Mono: successfully reloaded assembly
- Completed reload, in  0.920 seconds
Platform modules already initialized, skipping
Shader 'Universal Render Pipeline/Particles/Lit': fallback shader 'Universal Render Pipeline/Particles/SimpleLit' not found
Refreshing native plugins compatible for Editor in 0.44 ms, found 2 plugins.
Preloading 0 native plugins for Editor in 0.00 ms.
Unloading 2596 Unused Serialized files (Serialized files now loaded: 0)
System memory in use before: 123.7 MB.
System memory in use after: 123.6 MB.

Unloading 23 unused Assets to reduce memory usage. Loaded Objects now: 3242.
Total: 2.217400 ms (FindLiveObjects: 0.254600 ms CreateObjectMapping: 0.108300 ms MarkObjects: 1.706700 ms  DeleteObjects: 0.146900 ms)

========================================================================
Received Import Request.
  Time since last request: 7957.729842 seconds.
  path: Assets/FBXs/Ships/Ship.fbx
  artifactKey: Guid(e6f513a1253e1344fa01d88714c0514e) Importer(815301076,1909f56bfc062723c751e8b465ee728b)
Start importing Assets/FBXs/Ships/Ship.fbx using Guid(e6f513a1253e1344fa01d88714c0514e) Importer(815301076,1909f56bfc062723c751e8b465ee728b)  -> (artifact id: 'b77ad7f054c52c5b99c42ab33c3733cc') in 0.293312 seconds
  Import took 0.298115 seconds .

========================================================================
Received Import Request.
  Time since last request: 3900.662575 seconds.
  path: Assets/FBXs/Ships/BoatCollider.fbx
  artifactKey: Guid(6961fb4b179d6db4883ef226e7dbf00a) Importer(815301076,1909f56bfc062723c751e8b465ee728b)
Start importing Assets/FBXs/Ships/BoatCollider.fbx using Guid(6961fb4b179d6db4883ef226e7dbf00a) Importer(815301076,1909f56bfc062723c751e8b465ee728b)  -> (artifact id: 'c149d0139b0a40f005fb30ce1b996c87') in 0.012087 seconds
  Import took 0.030970 seconds .

========================================================================
Received Import Request.
  Time since last request: 238.669673 seconds.
  path: Assets/FBXs/Ships/BoatCollider.fbx
  artifactKey: Guid(6961fb4b179d6db4883ef226e7dbf00a) Importer(815301076,1909f56bfc062723c751e8b465ee728b)
Start importing Assets/FBXs/Ships/BoatCollider.fbx using Guid(6961fb4b179d6db4883ef226e7dbf00a) Importer(815301076,1909f56bfc062723c751e8b465ee728b)  -> (artifact id: 'bcc9bc6614e3f05bfc200df440e6ce03') in 0.012815 seconds
  Import took 0.017642 seconds .

========================================================================
Received Import Request.
  Time since last request: 78.181057 seconds.
  path: Assets/FBXs/Ships/BoatCollider.fbx
  artifactKey: Guid(6961fb4b179d6db4883ef226e7dbf00a) Importer(815301076,1909f56bfc062723c751e8b465ee728b)
Start importing Assets/FBXs/Ships/BoatCollider.fbx using Guid(6961fb4b179d6db4883ef226e7dbf00a) Importer(815301076,1909f56bfc062723c751e8b465ee728b)  -> (artifact id: '7720b3e18571bed8dbd26f5afc8226b3') in 0.012199 seconds
  Import took 0.021746 seconds .

========================================================================
Received Prepare
Registering precompiled user dll's ...
Registered in 0.002927 seconds.
Begin MonoManager ReloadAssembly
Native extension for WindowsStandalone target not found
Refreshing native plugins compatible for Editor in 0.44 ms, found 2 plugins.
Preloading 0 native plugins for Editor in 0.00 ms.
Mono: successfully reloaded assembly
- Completed reload, in  0.979 seconds
Platform modules already initialized, skipping
Shader 'Universal Render Pipeline/Particles/Lit': fallback shader 'Universal Render Pipeline/Particles/SimpleLit' not found
Refreshing native plugins compatible for Editor in 0.69 ms, found 2 plugins.
Preloading 0 native plugins for Editor in 0.00 ms.
Unloading 2596 Unused Serialized files (Serialized files now loaded: 0)
System memory in use before: 123.9 MB.
System memory in use after: 123.7 MB.

Unloading 23 unused Assets to reduce memory usage. Loaded Objects now: 3281.
Total: 2.948900 ms (FindLiveObjects: 0.292400 ms CreateObjectMapping: 0.136000 ms MarkObjects: 2.355500 ms  DeleteObjects: 0.164000 ms)

========================================================================
Received Import Request.
  Time since last request: 227.608194 seconds.
  path: Assets/FBXs/Ships/BoatCollider.fbx
  artifactKey: Guid(6961fb4b179d6db4883ef226e7dbf00a) Importer(815301076,1909f56bfc062723c751e8b465ee728b)
Start importing Assets/FBXs/Ships/BoatCollider.fbx using Guid(6961fb4b179d6db4883ef226e7dbf00a) Importer(815301076,1909f56bfc062723c751e8b465ee728b)  -> (artifact id: 'fb7ede8c8b53bf73a36d0a96af0fbb53') in 0.151140 seconds
  Import took 0.179696 seconds .

========================================================================
Received Prepare
Registering precompiled user dll's ...
Registered in 0.002949 seconds.
Begin MonoManager ReloadAssembly
Native extension for WindowsStandalone target not found
Refreshing native plugins compatible for Editor in 0.44 ms, found 2 plugins.
Preloading 0 native plugins for Editor in 0.00 ms.
Mono: successfully reloaded assembly
- Completed reload, in  0.911 seconds
Platform modules already initialized, skipping
Shader 'Universal Render Pipeline/Particles/Lit': fallback shader 'Universal Render Pipeline/Particles/SimpleLit' not found
Refreshing native plugins compatible for Editor in 0.45 ms, found 2 plugins.
Preloading 0 native plugins for Editor in 0.00 ms.
Unloading 2596 Unused Serialized files (Serialized files now loaded: 0)
System memory in use before: 124.0 MB.
System memory in use after: 123.9 MB.

Unloading 23 unused Assets to reduce memory usage. Loaded Objects now: 3320.
Total: 2.825800 ms (FindLiveObjects: 0.535700 ms CreateObjectMapping: 0.217700 ms MarkObjects: 1.901500 ms  DeleteObjects: 0.169700 ms)

========================================================================
Received Prepare
Registering precompiled user dll's ...
Registered in 0.002945 seconds.
Begin MonoManager ReloadAssembly
Native extension for WindowsStandalone target not found
Refreshing native plugins compatible for Editor in 0.44 ms, found 2 plugins.
Preloading 0 native plugins for Editor in 0.00 ms.
Mono: successfully reloaded assembly
- Completed reload, in  0.926 seconds
Platform modules already initialized, skipping
Shader 'Universal Render Pipeline/Particles/Lit': fallback shader 'Universal Render Pipeline/Particles/SimpleLit' not found
Refreshing native plugins compatible for Editor in 0.44 ms, found 2 plugins.
Preloading 0 native plugins for Editor in 0.00 ms.
Unloading 2596 Unused Serialized files (Serialized files now loaded: 0)
System memory in use before: 124.0 MB.
System memory in use after: 123.9 MB.

Unloading 23 unused Assets to reduce memory usage. Loaded Objects now: 3323.
Total: 2.678500 ms (FindLiveObjects: 0.268500 ms CreateObjectMapping: 0.104000 ms MarkObjects: 2.100000 ms  DeleteObjects: 0.204900 ms)

========================================================================
Received Import Request.
  Time since last request: 1810.995749 seconds.
  path: Assets/FBXs/Ships/BoatCollider.fbx
  artifactKey: Guid(6961fb4b179d6db4883ef226e7dbf00a) Importer(815301076,1909f56bfc062723c751e8b465ee728b)
Start importing Assets/FBXs/Ships/BoatCollider.fbx using Guid(6961fb4b179d6db4883ef226e7dbf00a) Importer(815301076,1909f56bfc062723c751e8b465ee728b)  -> (artifact id: '03174d011aa159beda7d2221eb8974c0') in 0.194590 seconds
  Import took 0.199002 seconds .

========================================================================
Received Prepare
Registering precompiled user dll's ...
Registered in 0.002588 seconds.
Begin MonoManager ReloadAssembly
Native extension for WindowsStandalone target not found
Refreshing native plugins compatible for Editor in 0.45 ms, found 2 plugins.
Preloading 0 native plugins for Editor in 0.00 ms.
Mono: successfully reloaded assembly
- Completed reload, in  0.874 seconds
Platform modules already initialized, skipping
Shader 'Universal Render Pipeline/Particles/Lit': fallback shader 'Universal Render Pipeline/Particles/SimpleLit' not found
Refreshing native plugins compatible for Editor in 0.44 ms, found 2 plugins.
Preloading 0 native plugins for Editor in 0.00 ms.
Unloading 2596 Unused Serialized files (Serialized files now loaded: 0)
System memory in use before: 124.2 MB.
System memory in use after: 124.0 MB.

Unloading 23 unused Assets to reduce memory usage. Loaded Objects now: 3362.
Total: 2.585600 ms (FindLiveObjects: 0.314800 ms CreateObjectMapping: 0.147400 ms MarkObjects: 1.958300 ms  DeleteObjects: 0.163700 ms)

========================================================================
Received Prepare
Registering precompiled user dll's ...
Registered in 0.002616 seconds.
Begin MonoManager ReloadAssembly
Native extension for WindowsStandalone target not found
Refreshing native plugins compatible for Editor in 0.49 ms, found 2 plugins.
Preloading 0 native plugins for Editor in 0.00 ms.
Mono: successfully reloaded assembly
- Completed reload, in  0.983 seconds
Platform modules already initialized, skipping
Shader 'Universal Render Pipeline/Particles/Lit': fallback shader 'Universal Render Pipeline/Particles/SimpleLit' not found
Refreshing native plugins compatible for Editor in 0.47 ms, found 2 plugins.
Preloading 0 native plugins for Editor in 0.00 ms.
Unloading 2596 Unused Serialized files (Serialized files now loaded: 0)
System memory in use before: 124.2 MB.
System memory in use after: 124.0 MB.

Unloading 23 unused Assets to reduce memory usage. Loaded Objects now: 3365.
Total: 2.456700 ms (FindLiveObjects: 0.279000 ms CreateObjectMapping: 0.113000 ms MarkObjects: 1.897300 ms  DeleteObjects: 0.166500 ms)

========================================================================
Received Prepare
Registering precompiled user dll's ...
Registered in 0.003209 seconds.
Begin MonoManager ReloadAssembly
Native extension for WindowsStandalone target not found
Refreshing native plugins compatible for Editor in 0.57 ms, found 2 plugins.
Preloading 0 native plugins for Editor in 0.00 ms.
Mono: successfully reloaded assembly
- Completed reload, in  1.005 seconds
Platform modules already initialized, skipping
Shader 'Universal Render Pipeline/Particles/Lit': fallback shader 'Universal Render Pipeline/Particles/SimpleLit' not found
Refreshing native plugins compatible for Editor in 0.79 ms, found 2 plugins.
Preloading 0 native plugins for Editor in 0.00 ms.
Unloading 2596 Unused Serialized files (Serialized files now loaded: 0)
System memory in use before: 124.2 MB.
System memory in use after: 124.0 MB.

Unloading 23 unused Assets to reduce memory usage. Loaded Objects now: 3368.
Total: 2.562400 ms (FindLiveObjects: 0.291400 ms CreateObjectMapping: 0.152200 ms MarkObjects: 1.946800 ms  DeleteObjects: 0.170700 ms)

========================================================================
Received Prepare
Registering precompiled user dll's ...
Registered in 0.002536 seconds.
Begin MonoManager ReloadAssembly
Native extension for WindowsStandalone target not found
Refreshing native plugins compatible for Editor in 0.49 ms, found 2 plugins.
Preloading 0 native plugins for Editor in 0.00 ms.
Mono: successfully reloaded assembly
- Completed reload, in  0.988 seconds
Platform modules already initialized, skipping
Shader 'Universal Render Pipeline/Particles/Lit': fallback shader 'Universal Render Pipeline/Particles/SimpleLit' not found
Refreshing native plugins compatible for Editor in 0.43 ms, found 2 plugins.
Preloading 0 native plugins for Editor in 0.00 ms.
Unloading 2596 Unused Serialized files (Serialized files now loaded: 0)
System memory in use before: 124.2 MB.
System memory in use after: 124.1 MB.

Unloading 23 unused Assets to reduce memory usage. Loaded Objects now: 3371.
Total: 2.247300 ms (FindLiveObjects: 0.277800 ms CreateObjectMapping: 0.119000 ms MarkObjects: 1.695100 ms  DeleteObjects: 0.154400 ms)

========================================================================
Received Prepare
Registering precompiled user dll's ...
Registered in 0.002605 seconds.
Begin MonoManager ReloadAssembly
Native extension for WindowsStandalone target not found
Refreshing native plugins compatible for Editor in 0.43 ms, found 2 plugins.
Preloading 0 native plugins for Editor in 0.00 ms.
Mono: successfully reloaded assembly
- Completed reload, in  0.906 seconds
Platform modules already initialized, skipping
Shader 'Universal Render Pipeline/Particles/Lit': fallback shader 'Universal Render Pipeline/Particles/SimpleLit' not found
Refreshing native plugins compatible for Editor in 0.65 ms, found 2 plugins.
Preloading 0 native plugins for Editor in 0.00 ms.
Unloading 2596 Unused Serialized files (Serialized files now loaded: 0)
System memory in use before: 124.2 MB.
System memory in use after: 124.1 MB.

Unloading 23 unused Assets to reduce memory usage. Loaded Objects now: 3374.
Total: 3.668000 ms (FindLiveObjects: 0.308400 ms CreateObjectMapping: 0.129200 ms MarkObjects: 2.946500 ms  DeleteObjects: 0.282600 ms)

========================================================================
Received Prepare
Registering precompiled user dll's ...
Registered in 0.003974 seconds.
Begin MonoManager ReloadAssembly
Native extension for WindowsStandalone target not found
Refreshing native plugins compatible for Editor in 0.44 ms, found 2 plugins.
Preloading 0 native plugins for Editor in 0.00 ms.
Mono: successfully reloaded assembly
- Completed reload, in  0.943 seconds
Platform modules already initialized, skipping
Shader 'Universal Render Pipeline/Particles/Lit': fallback shader 'Universal Render Pipeline/Particles/SimpleLit' not found
Refreshing native plugins compatible for Editor in 0.45 ms, found 2 plugins.
Preloading 0 native plugins for Editor in 0.00 ms.
Unloading 2596 Unused Serialized files (Serialized files now loaded: 0)
System memory in use before: 124.2 MB.
System memory in use after: 124.1 MB.

Unloading 23 unused Assets to reduce memory usage. Loaded Objects now: 3377.
Total: 2.599400 ms (FindLiveObjects: 0.268500 ms CreateObjectMapping: 0.103700 ms MarkObjects: 1.948400 ms  DeleteObjects: 0.277300 ms)

========================================================================
Received Prepare
Registering precompiled user dll's ...
Registered in 0.002548 seconds.
Begin MonoManager ReloadAssembly
Native extension for WindowsStandalone target not found
Refreshing native plugins compatible for Editor in 0.44 ms, found 2 plugins.
Preloading 0 native plugins for Editor in 0.00 ms.
Mono: successfully reloaded assembly
- Completed reload, in  0.888 seconds
Platform modules already initialized, skipping
Shader 'Universal Render Pipeline/Particles/Lit': fallback shader 'Universal Render Pipeline/Particles/SimpleLit' not found
Refreshing native plugins compatible for Editor in 0.44 ms, found 2 plugins.
Preloading 0 native plugins for Editor in 0.00 ms.
Unloading 2596 Unused Serialized files (Serialized files now loaded: 0)
System memory in use before: 124.2 MB.
System memory in use after: 124.1 MB.

Unloading 23 unused Assets to reduce memory usage. Loaded Objects now: 3380.
Total: 2.523700 ms (FindLiveObjects: 0.384400 ms CreateObjectMapping: 0.139400 ms MarkObjects: 1.836000 ms  DeleteObjects: 0.162800 ms)

========================================================================
Received Prepare
Registering precompiled user dll's ...
Registered in 0.002608 seconds.
Begin MonoManager ReloadAssembly
Native extension for WindowsStandalone target not found
Refreshing native plugins compatible for Editor in 0.44 ms, found 2 plugins.
Preloading 0 native plugins for Editor in 0.00 ms.
Mono: successfully reloaded assembly
- Completed reload, in  0.950 seconds
Platform modules already initialized, skipping
Shader 'Universal Render Pipeline/Particles/Lit': fallback shader 'Universal Render Pipeline/Particles/SimpleLit' not found
Refreshing native plugins compatible for Editor in 0.46 ms, found 2 plugins.
Preloading 0 native plugins for Editor in 0.00 ms.
Unloading 2596 Unused Serialized files (Serialized files now loaded: 0)
System memory in use before: 124.3 MB.
System memory in use after: 124.2 MB.

Unloading 23 unused Assets to reduce memory usage. Loaded Objects now: 3383.
Total: 2.574600 ms (FindLiveObjects: 0.278700 ms CreateObjectMapping: 0.129000 ms MarkObjects: 1.988800 ms  DeleteObjects: 0.176900 ms)

========================================================================
Received Prepare
Registering precompiled user dll's ...
Registered in 0.003586 seconds.
Begin MonoManager ReloadAssembly
Native extension for WindowsStandalone target not found
Refreshing native plugins compatible for Editor in 0.46 ms, found 2 plugins.
Preloading 0 native plugins for Editor in 0.00 ms.
Mono: successfully reloaded assembly
- Completed reload, in  0.969 seconds
Platform modules already initialized, skipping
Shader 'Universal Render Pipeline/Particles/Lit': fallback shader 'Universal Render Pipeline/Particles/SimpleLit' not found
Refreshing native plugins compatible for Editor in 0.96 ms, found 2 plugins.
Preloading 0 native plugins for Editor in 0.00 ms.
Unloading 2596 Unused Serialized files (Serialized files now loaded: 0)
System memory in use before: 124.3 MB.
System memory in use after: 124.2 MB.

Unloading 23 unused Assets to reduce memory usage. Loaded Objects now: 3386.
Total: 2.453200 ms (FindLiveObjects: 0.291000 ms CreateObjectMapping: 0.119200 ms MarkObjects: 1.877700 ms  DeleteObjects: 0.164300 ms)

========================================================================
Received Prepare
Registering precompiled user dll's ...
Registered in 0.002619 seconds.
Begin MonoManager ReloadAssembly
Native extension for WindowsStandalone target not found
Refreshing native plugins compatible for Editor in 1.08 ms, found 2 plugins.
Preloading 0 native plugins for Editor in 0.00 ms.
Mono: successfully reloaded assembly
- Completed reload, in  1.140 seconds
Platform modules already initialized, skipping
Shader 'Universal Render Pipeline/Particles/Lit': fallback shader 'Universal Render Pipeline/Particles/SimpleLit' not found
Refreshing native plugins compatible for Editor in 0.52 ms, found 2 plugins.
Preloading 0 native plugins for Editor in 0.00 ms.
Unloading 2596 Unused Serialized files (Serialized files now loaded: 0)
System memory in use before: 124.3 MB.
System memory in use after: 124.2 MB.

Unloading 23 unused Assets to reduce memory usage. Loaded Objects now: 3389.
Total: 4.140200 ms (FindLiveObjects: 0.567500 ms CreateObjectMapping: 0.238200 ms MarkObjects: 3.154500 ms  DeleteObjects: 0.178500 ms)

========================================================================
Received Import Request.
  Time since last request: 1208.553531 seconds.
  path: Assets/FBXs/Ships/BoatCollider.fbx
  artifactKey: Guid(6961fb4b179d6db4883ef226e7dbf00a) Importer(815301076,1909f56bfc062723c751e8b465ee728b)
Start importing Assets/FBXs/Ships/BoatCollider.fbx using Guid(6961fb4b179d6db4883ef226e7dbf00a) Importer(815301076,1909f56bfc062723c751e8b465ee728b)  -> (artifact id: '90d6535652a788cda38868b4ac12a394') in 0.288672 seconds
  Import took 0.293355 seconds .

========================================================================
Received Import Request.
  Time since last request: 0.002576 seconds.
  path: Assets/FBXs/Ships/BoatCollider.fbx
  artifactKey: Guid(6961fb4b179d6db4883ef226e7dbf00a) Importer(815301076,1909f56bfc062723c751e8b465ee728b)
Start importing Assets/FBXs/Ships/BoatCollider.fbx using Guid(6961fb4b179d6db4883ef226e7dbf00a) Importer(815301076,1909f56bfc062723c751e8b465ee728b)  -> (artifact id: '90d6535652a788cda38868b4ac12a394') in 0.044311 seconds
  Import took 0.048716 seconds .

========================================================================
Received Prepare
Registering precompiled user dll's ...
Registered in 0.002921 seconds.
Begin MonoManager ReloadAssembly
Native extension for WindowsStandalone target not found
Refreshing native plugins compatible for Editor in 0.53 ms, found 2 plugins.
Preloading 0 native plugins for Editor in 0.00 ms.
Mono: successfully reloaded assembly
- Completed reload, in  1.136 seconds
Platform modules already initialized, skipping
Shader 'Universal Render Pipeline/Particles/Lit': fallback shader 'Universal Render Pipeline/Particles/SimpleLit' not found
Refreshing native plugins compatible for Editor in 0.44 ms, found 2 plugins.
Preloading 0 native plugins for Editor in 0.00 ms.
Unloading 2596 Unused Serialized files (Serialized files now loaded: 0)
System memory in use before: 124.4 MB.
System memory in use after: 124.3 MB.

Unloading 23 unused Assets to reduce memory usage. Loaded Objects now: 3428.
Total: 2.917100 ms (FindLiveObjects: 0.325300 ms CreateObjectMapping: 0.268900 ms MarkObjects: 2.143200 ms  DeleteObjects: 0.178400 ms)

========================================================================
Received Import Request.
  Time since last request: 936.062749 seconds.
  path: Assets/FBXs/Ships/BoatCollider.fbx
  artifactKey: Guid(6961fb4b179d6db4883ef226e7dbf00a) Importer(815301076,1909f56bfc062723c751e8b465ee728b)
Start importing Assets/FBXs/Ships/BoatCollider.fbx using Guid(6961fb4b179d6db4883ef226e7dbf00a) Importer(815301076,1909f56bfc062723c751e8b465ee728b)  -> (artifact id: '16b7c8022b824431597bca3dc278a2d1') in 0.210490 seconds
  Import took 0.214689 seconds .

========================================================================
Received Import Request.
  Time since last request: 0.214431 seconds.
  path: Assets/FBXs/Ships/BoatCollider.fbx
  artifactKey: Guid(6961fb4b179d6db4883ef226e7dbf00a) Importer(815301076,1909f56bfc062723c751e8b465ee728b)
Start importing Assets/FBXs/Ships/BoatCollider.fbx using Guid(6961fb4b179d6db4883ef226e7dbf00a) Importer(815301076,1909f56bfc062723c751e8b465ee728b)  -> (artifact id: '16b7c8022b824431597bca3dc278a2d1') in 0.077642 seconds
  Import took 0.082186 seconds .

