Using pre-set license
Built from '2020.3/staging' branch; Version is '2020.3.11f1 (99c7afb366b3) revision 10078127'; Using compiler version '192528614'; Build Type 'Release'
OS: 'Windows 10 Pro; OS build 19042.985; Version 2009; 64bit' Language: 'en' Physical Memory: 32705 MB
BatchMode: 1, IsHumanControllingUs: 0, StartBugReporterOnCrash: 0, Is64bit: 1, IsPro: 0

 COMMAND LINE ARGUMENTS:
C:\Program Files\Unity\Hub\Editor\2020.3.11f1\Editor\Unity.exe
-adb2
-batchMode
-noUpm
-name
AssetImportWorker0
-projectPath
G:/gamesMade/PirateGame
-logFile
Logs/AssetImportWorker0.log
-srvPort
55457
Successfully changed project path to: G:/gamesMade/PirateGame
G:/gamesMade/PirateGame
Using Asset Import Pipeline V2.
Refreshing native plugins compatible for Editor in 39.70 ms, found 2 plugins.
Preloading 0 native plugins for Editor in 0.00 ms.
Initialize engine version: 2020.3.11f1 (99c7afb366b3)
[Subsystems] Discovering subsystems at path C:/Program Files/Unity/Hub/Editor/2020.3.11f1/Editor/Data/Resources/UnitySubsystems
[Subsystems] Discovering subsystems at path G:/gamesMade/PirateGame/Assets
GfxDevice: creating device client; threaded=0
Direct3D:
    Version:  Direct3D 11.0 [level 11.1]
    Renderer: NVIDIA GeForce GTX 1070 (ID=0x1b81)
    Vendor:   
    VRAM:     8088 MB
    Driver:   27.21.14.6677
Shader 'Universal Render Pipeline/Particles/Lit': fallback shader 'Universal Render Pipeline/Particles/SimpleLit' not found
Initialize mono
Mono path[0] = 'C:/Program Files/Unity/Hub/Editor/2020.3.11f1/Editor/Data/Managed'
Mono path[1] = 'C:/Program Files/Unity/Hub/Editor/2020.3.11f1/Editor/Data/MonoBleedingEdge/lib/mono/unityjit'
Mono config path = 'C:/Program Files/Unity/Hub/Editor/2020.3.11f1/Editor/Data/MonoBleedingEdge/etc'
Using monoOptions --debugger-agent=transport=dt_socket,embedding=1,server=y,suspend=n,address=127.0.0.1:56720
Begin MonoManager ReloadAssembly
Registering precompiled unity dll's ...
Register platform support module: C:/Program Files/Unity/Hub/Editor/2020.3.11f1/Editor/Data/PlaybackEngines/WindowsStandaloneSupport/UnityEditor.WindowsStandalone.Extensions.dll
Registered in 0.001633 seconds.
Native extension for WindowsStandalone target not found
Refreshing native plugins compatible for Editor in 42.53 ms, found 2 plugins.
Preloading 0 native plugins for Editor in 0.00 ms.
Mono: successfully reloaded assembly
- Completed reload, in  0.903 seconds
Platform modules already initialized, skipping
Registering precompiled user dll's ...
Registered in 0.002556 seconds.
Begin MonoManager ReloadAssembly
Native extension for WindowsStandalone target not found
Refreshing native plugins compatible for Editor in 40.60 ms, found 2 plugins.
Preloading 0 native plugins for Editor in 0.00 ms.
Mono: successfully reloaded assembly
- Completed reload, in  0.947 seconds
Platform modules already initialized, skipping
========================================================================
Worker process is ready to serve import requests
Shader 'Universal Render Pipeline/Particles/Lit': fallback shader 'Universal Render Pipeline/Particles/SimpleLit' not found
Launched and connected shader compiler UnityShaderCompiler.exe after 0.03 seconds
Refreshing native plugins compatible for Editor in 0.54 ms, found 2 plugins.
Preloading 0 native plugins for Editor in 0.00 ms.
Unloading 2700 Unused Serialized files (Serialized files now loaded: 0)
System memory in use before: 124.8 MB.
System memory in use after: 124.7 MB.

Unloading 26 unused Assets to reduce memory usage. Loaded Objects now: 3130.
Total: 2.102100 ms (FindLiveObjects: 0.249700 ms CreateObjectMapping: 0.117200 ms MarkObjects: 1.587100 ms  DeleteObjects: 0.147500 ms)

========================================================================
Received Import Request.
  path: Assets/FBXs/Cannon.fbx
  artifactKey: Guid(d56a2c69dce2be544b4d3e4218fa2d6d) Importer(815301076,1909f56bfc062723c751e8b465ee728b)
Start importing Assets/FBXs/Cannon.fbx using Guid(d56a2c69dce2be544b4d3e4218fa2d6d) Importer(815301076,1909f56bfc062723c751e8b465ee728b)  -> (artifact id: '0412b7f42004900b4a2b1efe4d6f5935') in 0.281006 seconds
  Import took 0.297802 seconds .

========================================================================
Received Import Request.
  Time since last request: 49.355508 seconds.
  path: Assets/Materials/Black.mat
  artifactKey: Guid(e8038e29e76571e41a8bb05c6d7ed926) Importer(815301076,1909f56bfc062723c751e8b465ee728b)
Start importing Assets/Materials/Black.mat using Guid(e8038e29e76571e41a8bb05c6d7ed926) Importer(815301076,1909f56bfc062723c751e8b465ee728b)  -> (artifact id: '9f4b9dafc4f070e5d2c558250c0b9ed3') in 0.014373 seconds
  Import took 0.018680 seconds .

========================================================================
Received Import Request.
  Time since last request: 229.626465 seconds.
  path: Assets/Materials/metal
  artifactKey: Guid(a50f4ea5d6ff3394caf373c0b0d3f6b4) Importer(815301076,1909f56bfc062723c751e8b465ee728b)
Start importing Assets/Materials/metal using Guid(a50f4ea5d6ff3394caf373c0b0d3f6b4) Importer(815301076,1909f56bfc062723c751e8b465ee728b)  -> (artifact id: '04146cbf81e12cdd5187a6a20f14e425') in 0.005566 seconds
  Import took 0.010490 seconds .

========================================================================
Received Import Request.
  Time since last request: 37.416090 seconds.
  path: Assets/Materials/metal/SmoothSteel.mat
  artifactKey: Guid(e5d7d27e1622f984aba93ef91e854283) Importer(815301076,1909f56bfc062723c751e8b465ee728b)
Start importing Assets/Materials/metal/SmoothSteel.mat using Guid(e5d7d27e1622f984aba93ef91e854283) Importer(815301076,1909f56bfc062723c751e8b465ee728b)  -> (artifact id: '7610fc15ceeb318e35d76485ba6f30dd') in 0.012788 seconds
  Import took 0.023451 seconds .

========================================================================
Received Import Request.
  Time since last request: 38.928100 seconds.
  path: Assets/Materials/metal/Iron.mat
  artifactKey: Guid(e5d7d27e1622f984aba93ef91e854283) Importer(815301076,1909f56bfc062723c751e8b465ee728b)
Start importing Assets/Materials/metal/Iron.mat using Guid(e5d7d27e1622f984aba93ef91e854283) Importer(815301076,1909f56bfc062723c751e8b465ee728b)  -> (artifact id: '0af0b306fc249569c3b9bb06b919a9af') in 0.014012 seconds
  Import took 0.024372 seconds .

========================================================================
Received Import Request.
  Time since last request: 280.652595 seconds.
  path: Assets/Prefabs/Cannon.prefab
  artifactKey: Guid(fb8dd0ade67fd47488df77980f5382af) Importer(815301076,1909f56bfc062723c751e8b465ee728b)
Start importing Assets/Prefabs/Cannon.prefab using Guid(fb8dd0ade67fd47488df77980f5382af) Importer(815301076,1909f56bfc062723c751e8b465ee728b)  -> (artifact id: '9fa048d3aaf56074b6568d07012dbdfb') in 0.035002 seconds
  Import took 0.041006 seconds .

========================================================================
Received Import Request.
  Time since last request: 0.000198 seconds.
  path: Assets/Prefabs/Chest.prefab
  artifactKey: Guid(d39ae97d4ee725045bf96d1724279222) Importer(815301076,1909f56bfc062723c751e8b465ee728b)
Start importing Assets/Prefabs/Chest.prefab using Guid(d39ae97d4ee725045bf96d1724279222) Importer(815301076,1909f56bfc062723c751e8b465ee728b)  -> (artifact id: 'c4292f2476cffd499fa2460aa8baa1b2') in 0.040858 seconds
  Import took 0.047098 seconds .

========================================================================
Received Import Request.
  Time since last request: 86.206310 seconds.
  path: Assets/Prefabs/Ship.prefab
  artifactKey: Guid(3b959b52a47e9754d89180bb8bb5116a) Importer(815301076,1909f56bfc062723c751e8b465ee728b)
Start importing Assets/Prefabs/Ship.prefab using Guid(3b959b52a47e9754d89180bb8bb5116a) Importer(815301076,1909f56bfc062723c751e8b465ee728b)  -> (artifact id: '68ec74b76573df1cbc8cf595c247fa3c') in 0.041424 seconds
  Import took 0.055037 seconds .

========================================================================
Received Import Request.
  Time since last request: 6.100084 seconds.
  path: Assets/Prefabs/Ship.prefab
  artifactKey: Guid(3b959b52a47e9754d89180bb8bb5116a) Importer(815301076,1909f56bfc062723c751e8b465ee728b)
Start importing Assets/Prefabs/Ship.prefab using Guid(3b959b52a47e9754d89180bb8bb5116a) Importer(815301076,1909f56bfc062723c751e8b465ee728b)  -> (artifact id: '57334d9bd05371ece27b2b8cf3381628') in 0.036988 seconds
  Import took 0.062563 seconds .

========================================================================
Received Import Request.
  Time since last request: 19.551681 seconds.
  path: Assets/Prefabs/Ship.prefab
  artifactKey: Guid(3b959b52a47e9754d89180bb8bb5116a) Importer(815301076,1909f56bfc062723c751e8b465ee728b)
Start importing Assets/Prefabs/Ship.prefab using Guid(3b959b52a47e9754d89180bb8bb5116a) Importer(815301076,1909f56bfc062723c751e8b465ee728b)  -> (artifact id: '8fe26ecac3b4cadb4702ca976edef41c') in 0.034385 seconds
  Import took 0.040420 seconds .

========================================================================
Received Import Request.
  Time since last request: 10.696351 seconds.
  path: Assets/Prefabs/Ship.prefab
  artifactKey: Guid(3b959b52a47e9754d89180bb8bb5116a) Importer(815301076,1909f56bfc062723c751e8b465ee728b)
Start importing Assets/Prefabs/Ship.prefab using Guid(3b959b52a47e9754d89180bb8bb5116a) Importer(815301076,1909f56bfc062723c751e8b465ee728b)  -> (artifact id: 'ded9505d591b0169f7d34b026233be26') in 0.030626 seconds
  Import took 0.039416 seconds .

========================================================================
Received Import Request.
  Time since last request: 38.152277 seconds.
  path: Assets/Prefabs/Ship.prefab
  artifactKey: Guid(3b959b52a47e9754d89180bb8bb5116a) Importer(815301076,1909f56bfc062723c751e8b465ee728b)
Start importing Assets/Prefabs/Ship.prefab using Guid(3b959b52a47e9754d89180bb8bb5116a) Importer(815301076,1909f56bfc062723c751e8b465ee728b)  -> (artifact id: '0c1896f9221241c7e708c79419421915') in 0.035741 seconds
  Import took 0.045564 seconds .

========================================================================
Received Import Request.
  Time since last request: 4.661317 seconds.
  path: Assets/Prefabs/Ship.prefab
  artifactKey: Guid(3b959b52a47e9754d89180bb8bb5116a) Importer(815301076,1909f56bfc062723c751e8b465ee728b)
Start importing Assets/Prefabs/Ship.prefab using Guid(3b959b52a47e9754d89180bb8bb5116a) Importer(815301076,1909f56bfc062723c751e8b465ee728b)  -> (artifact id: 'dbd4a9ed50797d56253d319a2893f420') in 0.036505 seconds
  Import took 0.043672 seconds .

========================================================================
Received Import Request.
  Time since last request: 7.271377 seconds.
  path: Assets/Prefabs/Ship.prefab
  artifactKey: Guid(3b959b52a47e9754d89180bb8bb5116a) Importer(815301076,1909f56bfc062723c751e8b465ee728b)
Start importing Assets/Prefabs/Ship.prefab using Guid(3b959b52a47e9754d89180bb8bb5116a) Importer(815301076,1909f56bfc062723c751e8b465ee728b)  -> (artifact id: '3605ef3e9f37b9e142883487e9c0c692') in 0.039335 seconds
  Import took 0.045526 seconds .

========================================================================
Received Import Request.
  Time since last request: 3.849494 seconds.
  path: Assets/Prefabs/Ship.prefab
  artifactKey: Guid(3b959b52a47e9754d89180bb8bb5116a) Importer(815301076,1909f56bfc062723c751e8b465ee728b)
Start importing Assets/Prefabs/Ship.prefab using Guid(3b959b52a47e9754d89180bb8bb5116a) Importer(815301076,1909f56bfc062723c751e8b465ee728b)  -> (artifact id: '165f2b2b0bc3d1f4a4c6171e788e43c0') in 0.035483 seconds
  Import took 0.062726 seconds .

========================================================================
Received Import Request.
  Time since last request: 42.345986 seconds.
  path: Assets/Scripts/SimpleCameraController.cs
  artifactKey: Guid(be76e5f14cfee674cb30b491fb72b09b) Importer(815301076,1909f56bfc062723c751e8b465ee728b)
Start importing Assets/Scripts/SimpleCameraController.cs using Guid(be76e5f14cfee674cb30b491fb72b09b) Importer(815301076,1909f56bfc062723c751e8b465ee728b)  -> (artifact id: 'e83c07add8d260e57b7e4f1ac516e8a7') in 0.018033 seconds
  Import took 0.021945 seconds .

========================================================================
Received Prepare
Registering precompiled user dll's ...
Registered in 0.002609 seconds.
Begin MonoManager ReloadAssembly
Native extension for WindowsStandalone target not found
Refreshing native plugins compatible for Editor in 0.48 ms, found 2 plugins.
Preloading 0 native plugins for Editor in 0.00 ms.
Mono: successfully reloaded assembly
- Completed reload, in  0.861 seconds
Platform modules already initialized, skipping
Shader 'Universal Render Pipeline/Particles/Lit': fallback shader 'Universal Render Pipeline/Particles/SimpleLit' not found
Refreshing native plugins compatible for Editor in 0.44 ms, found 2 plugins.
Preloading 0 native plugins for Editor in 0.00 ms.
Unloading 2595 Unused Serialized files (Serialized files now loaded: 0)
System memory in use before: 137.5 MB.
System memory in use after: 137.4 MB.

Unloading 21 unused Assets to reduce memory usage. Loaded Objects now: 3215.
Total: 2.164900 ms (FindLiveObjects: 0.249800 ms CreateObjectMapping: 0.102800 ms MarkObjects: 1.673500 ms  DeleteObjects: 0.138000 ms)

